PageRank Rankings
=================
Rank 0: GOPLeader 322 (0.016722)
Rank 1: RepCasten 147 (0.012822)
Rank 2: RepChipRoy 389 (0.011056)
Rank 3: RepMikeJohnson 269 (0.010683)
Rank 4: RepChuyGarcia 215 (0.010561)
Rank 5: RepFranklin 208 (0.008897)
Rank 6: RepAdams 92 (0.008235)
Rank 7: CongressmanHice 246 (0.008179)
Rank 8: RepAndyBiggsAZ 113 (0.008046)
Rank 9: RepAndyLevin 303 (0.00802)
Rank 10: RepThomasMassie 318 (0.007818)
Rank 11: RepDonBeyer 111 (0.007735)
Rank 12: RepTomEmmer 192 (0.007502)
Rank 13: RepMMM 335 (0.007469)
Rank 14: RepBonnie 461 (0.007077)
Rank 15: RepJayapal 263 (0.006907)
Rank 16: RepDonaldsPress 188 (0.006878)
Rank 17: LeaderHoyer 254 (0.006805)
Rank 18: RepDwightEvans 197 (0.006673)
Rank 19: RepJeffDuncan 190 (0.006666)
Rank 20: janschakowsky 401 (0.006469)
Rank 21: RepJohnRose 385 (0.00645)
Rank 22: RepDanBishop 116 (0.00631)
Rank 23: RepBillFoster 205 (0.006177)
Rank 24: RepDonBacon 102 (0.00603)
Rank 25: RepMGS 400 (0.005879)
Rank 26: JohnCornyn 17 (0.005675)
Rank 27: RepKatCammack 137 (0.005636)
Rank 28: Rep_Clyde 161 (0.0056)
Rank 29: RepStefanik 428 (0.005585)
Rank 30: RepRaulGrijalva 236 (0.005325)
Rank 31: RepBobbyRush 393 (0.005322)
Rank 32: RepLisaMcClain 324 (0.005291)
Rank 33: RepBonamici 119 (0.005254)
Rank 34: SenatorCardin 12 (0.005219)
Rank 35: RepHartzler 242 (0.005179)
Rank 36: RepBuddyCarter 143 (0.005151)
Rank 37: RepAnthonyBrown 126 (0.005145)
Rank 38: repkevinhern 244 (0.005139)
Rank 39: RepCardenas 139 (0.005071)
Rank 40: SteveScalise 399 (0.004939)
Rank 41: michaelcburgess 134 (0.004926)
Rank 42: SenJeffMerkley 55 (0.004818)
Rank 43: RepPressley 376 (0.004741)
Rank 44: RepRosendale 386 (0.004679)
Rank 45: RepHerrell 245 (0.00465)
Rank 46: Jim_Jordan 271 (0.004631)
Rank 47: RepHaleyStevens 431 (0.004607)
Rank 48: RepYvetteClarke 156 (0.004491)
Rank 49: RepTroyNehls 350 (0.004474)
Rank 50: RepBethVanDuyne 452 (0.004386)
Rank 51: RepDLesko 301 (0.004334)
Rank 52: RepRickLarsen 292 (0.004189)
Rank 53: RepJasonCrow 171 (0.004173)
Rank 54: Rep_Stansbury 424 (0.004082)
Rank 55: replouiegohmert 220 (0.004066)
Rank 56: JoaquinCastrotx 149 (0.004055)
Rank 57: RepRitchie 446 (0.003965)
Rank 58: SenRickScott 72 (0.003881)
Rank 59: RepAdrianSmith 417 (0.003856)
Rank 60: RepPfluger 370 (0.003836)
Rank 61: RepMattGaetz 210 (0.003793)
Rank 62: RepDeborahRoss 387 (0.003785)
Rank 63: RepTomRice 382 (0.003734)
Rank 64: RepBice 112 (0.003677)
Rank 65: RepMaloney 315 (0.003673)
Rank 66: RepRoKhanna 279 (0.003642)
Rank 67: RepJimBanks 105 (0.003565)
Rank 68: PeteSessions 409 (0.003487)
Rank 69: RepJenniffer 224 (0.003437)
Rank 70: RepTedBudd 132 (0.003432)
Rank 71: RepMullin 343 (0.003422)
Rank 72: RepSusieLee 299 (0.003392)
Rank 73: RepPeterDeFazio 177 (0.003384)
Rank 74: RepMTG 234 (0.003322)
Rank 75: SenatorHagerty 32 (0.003178)
Rank 76: RepHuizenga 257 (0.00315)
Rank 77: RodneyDavis 175 (0.003143)
Rank 78: RepJacobs 261 (0.003133)
Rank 79: repmarkpocan 374 (0.003121)
Rank 80: RepCheri 136 (0.003107)
Rank 81: RepAdamSmith 416 (0.003091)
Rank 82: MarioDB 185 (0.003084)
Rank 83: SenWarren 87 (0.003077)
Rank 84: SenJackyRosen 68 (0.003041)
Rank 85: RepJimBaird 103 (0.003024)
Rank 86: RepKenBuck 130 (0.003004)
Rank 87: RepWesterman 464 (0.002934)
Rank 88: RepMikeCarey 140 (0.00293)
Rank 89: RepKClark 155 (0.00293)
Rank 90: RepDarrenSoto 420 (0.002927)
Rank 91: RepSpanberger 421 (0.002907)
Rank 92: RepRashida 443 (0.002873)
Rank 93: repdinatitus 442 (0.002865)
Rank 94: RepJoshG 229 (0.002844)
Rank 95: RepClayHiggins 248 (0.002806)
Rank 96: RepEscobar 193 (0.00279)
Rank 97: RepFeenstra 199 (0.002787)
Rank 98: RepNikema 467 (0.00277)
Rank 99: RepTonyGonzales 223 (0.002767)
Rank 100: RepSwalwell 435 (0.002764)
Rank 101: SenatorWicker 89 (0.002762)
Rank 102: RepFredKeller 276 (0.002747)
Rank 103: RepBarryMoore 339 (0.002722)
Rank 104: RepTiffany 440 (0.002707)
Rank 105: RepMarkGreen 233 (0.002699)
Rank 106: USRepLong 306 (0.00267)
Rank 107: RepRalphNorman 354 (0.002662)
Rank 108: RepPatFallon 198 (0.002638)
Rank 109: RepTedLieu 305 (0.002629)
Rank 110: SenAlexPadilla 61 (0.002616)
Rank 111: RepCohen 162 (0.002596)
Rank 112: RepTroyCarter 145 (0.002594)
Rank 113: RepJoeNeguse 349 (0.00255)
Rank 114: BobbyScott 408 (0.002548)
Rank 115: RepMcGovern 327 (0.002535)
Rank 116: USRepKCastor 148 (0.002525)
Rank 117: cathymcmorris 383 (0.002494)
Rank 118: Call_Me_Dutch 392 (0.002463)
Rank 119: RepDeanPhillips 371 (0.002459)
Rank 120: RepBarbaraLee 298 (0.002455)
Rank 121: BillPascrell 365 (0.002445)
Rank 122: RepPeteStauber 426 (0.00244)
Rank 123: USRepKeating 275 (0.002437)
Rank 124: RepMcEachin 326 (0.002433)
Rank 125: RepBeatty 109 (0.00243)
Rank 126: repcleaver 157 (0.002429)
Rank 127: RepDean 176 (0.002421)
Rank 128: RepGwenMoore 341 (0.002418)
Rank 129: RepPerlmutter 368 (0.002407)
Rank 130: RepLoisFrankel 207 (0.002401)
Rank 131: RepBowman 122 (0.002389)
Rank 132: RepCawthorn 150 (0.002372)
Rank 133: RepSaraJacobs 262 (0.00236)
Rank 134: RepBarragan 107 (0.002358)
Rank 135: RepShontelBrown 127 (0.002334)
Rank 136: WhipClyburn 160 (0.002333)
Rank 137: RepDWStweets 460 (0.002325)
Rank 138: SpeakerPelosi 367 (0.002324)
Rank 139: RepMoBrooks 125 (0.00232)
Rank 140: SenatorBraun 8 (0.002314)
Rank 141: SenWhitehouse 88 (0.0023)
Rank 142: SenatorMenendez 54 (0.002295)
Rank 143: RepDaveJoyce 272 (0.002282)
Rank 144: RepJimmyGomez 222 (0.002266)
Rank 145: SenatorShaheen 74 (0.002259)
Rank 146: claudiatenney 437 (0.00225)
Rank 147: RepThompson 439 (0.002246)
Rank 148: RepJimCosta 167 (0.002229)
Rank 149: SenatorBennet 2 (0.002214)
Rank 150: RepDavidTrone 448 (0.002214)
Rank 151: SenAmyKlobuchar 46 (0.002208)
Rank 152: RepWilson 469 (0.002195)
Rank 153: ChrisMurphyCT 58 (0.002179)
Rank 154: RepHankJohnson 268 (0.002176)
Rank 155: RepNancyMace 312 (0.002166)
Rank 156: PattyMurray 59 (0.002163)
Rank 157: RepSylviaGarcia 217 (0.002154)
Rank 158: WarrenDavidson 174 (0.002146)
Rank 159: RepRubenGallego 212 (0.002131)
Rank 160: RepSteel 427 (0.002114)
Rank 161: RepTimmons 441 (0.002107)
Rank 162: RepSarbanes 398 (0.002106)
Rank 163: RepSpeier 423 (0.002106)
Rank 164: RepHoulahan 253 (0.002078)
Rank 165: BettyMcCollum04 325 (0.002072)
Rank 166: RepLBR 117 (0.002059)
Rank 167: RepCori 135 (0.002059)
Rank 168: Ilhan 358 (0.002055)
Rank 169: rep_stevewomack 472 (0.002052)
Rank 170: RepFrenchHill 249 (0.002046)
Rank 171: RepJohnLarson 293 (0.002044)
Rank 172: RepHuffman 256 (0.002042)
Rank 173: RepNewhouse 351 (0.002012)
Rank 174: gracenapolitano 347 (0.001995)
Rank 175: RepAshleyHinson 251 (0.001982)
Rank 176: SenatorRisch 66 (0.001979)
Rank 177: RepJerryNadler 346 (0.001976)
Rank 178: RepDavid 406 (0.001974)
Rank 179: RepMikeQuigley 378 (0.001957)
Rank 180: CongressmanRaja 286 (0.001957)
Rank 181: SenSherrodBrown 9 (0.001956)
Rank 182: GerryConnolly 165 (0.001955)
Rank 183: RepCarlos 219 (0.001949)
Rank 184: RepUnderwood 450 (0.00193)
Rank 185: RepGosar 228 (0.001924)
Rank 186: StaceyPlaskett 373 (0.0019)
Rank 187: RepTimRyan 394 (0.001887)
Rank 188: RepRobinKelly 278 (0.00187)
Rank 189: SenatorDurbin 25 (0.001867)
Rank 190: RepJuanVargas 453 (0.00186)
Rank 191: RepLawrence 296 (0.001849)
Rank 192: RepElaineLuria 311 (0.001846)
Rank 193: RepGallagher 211 (0.001841)
Rank 194: RepGarbarino 214 (0.001832)
Rank 195: RepJerryCarl 141 (0.001826)
Rank 196: GReschenthaler 380 (0.001809)
Rank 197: RepGraceMeng 332 (0.001797)
Rank 198: RepJoeWilson 470 (0.001772)
Rank 199: RepDerekKilmer 281 (0.001755)
Rank 200: SenCortezMasto 18 (0.001751)
Rank 201: RepMikeRogersAL 384 (0.001748)
Rank 202: RepYoungKim 283 (0.001746)
Rank 203: RepMalinowski 313 (0.001722)
Rank 204: CongresswomanSC 153 (0.00171)
Rank 205: RepMichaelGuest 238 (0.001695)
Rank 206: RepDeSaulnier 183 (0.00168)
Rank 207: RepMarieNewman 352 (0.00168)
Rank 208: RepAlexMooney 338 (0.001677)
Rank 209: RepCarbajal 138 (0.001675)
Rank 210: RepBrianBabin 101 (0.001675)
Rank 211: RepWexton 465 (0.00166)
Rank 212: DonaldNorcross 353 (0.001657)
Rank 213: JohnBoozman 7 (0.00165)
Rank 214: RepMikeTurner 449 (0.001646)
Rank 215: RepChuck 203 (0.001645)
Rank 216: VernBuchanan 129 (0.001637)
Rank 217: senrobportman 64 (0.001614)
Rank 218: SenatorFischer 28 (0.001609)
Rank 219: MarkWarner 85 (0.001605)
Rank 220: SenMarkey 53 (0.001588)
Rank 221: MikeKellyPA 277 (0.001586)
Rank 222: SenatorTester 79 (0.001585)
Rank 223: RepMariaSalazar 396 (0.001579)
Rank 224: MikeCrapo 21 (0.001578)
Rank 225: RepStricklandWA 433 (0.001577)
Rank 226: MartinHeinrich 35 (0.001554)
Rank 227: SenBobCasey 14 (0.001549)
Rank 228: RepBillJohnson 265 (0.001548)
Rank 229: RepRickAllen 95 (0.001546)
Rank 230: RepDavidEPrice 377 (0.001544)
Rank 231: RepRoybalAllard 390 (0.001537)
Rank 232: RepLoriTrahan 447 (0.001537)
Rank 233: RepMcCaul 323 (0.001536)
Rank 234: chelliepingree 372 (0.001524)
Rank 235: boblatta 294 (0.001521)
Rank 236: RepKatiePorter 375 (0.001519)
Rank 237: SenTedCruz 22 (0.001518)
Rank 238: SenFeinstein 27 (0.001518)
Rank 239: SenBlumenthal 4 (0.001512)
Rank 240: RepGrothman 237 (0.001507)
Rank 241: RepBobGibbs 218 (0.001479)
Rank 242: RepDelBene 180 (0.001476)
Rank 243: RepCarolMiller 336 (0.001474)
Rank 244: RepMeijer 331 (0.001454)
Rank 245: RepGaramendi 213 (0.001433)
Rank 246: rosadelauro 179 (0.001432)
Rank 247: RepLaMalfa 290 (0.001432)
Rank 248: RepBlakeMoore 340 (0.001419)
Rank 249: SenDuckworth 24 (0.001417)
Rank 250: RonWyden 90 (0.001417)
Rank 251: EleanorNorton 355 (0.001413)
Rank 252: RepBoebert 118 (0.001408)
Rank 253: RepSteveChabot 151 (0.001405)
Rank 254: RepGregMurphy 344 (0.001401)
Rank 255: SenToddYoung 91 (0.001395)
Rank 256: RepJudyChu 154 (0.001387)
Rank 257: RepDustyJohnson 266 (0.001384)
Rank 258: ChrisVanHollen 84 (0.001376)
Rank 259: RepRichHudson 255 (0.001364)
Rank 260: SenCapito 11 (0.00136)
Rank 261: RepFischbach 201 (0.001355)
Rank 262: RepGonzalez 225 (0.001351)
Rank 263: michaelgwaltz 459 (0.00135)
Rank 264: RepKManning 317 (0.001344)
Rank 265: RepEspaillat 195 (0.001341)
Rank 266: NormaJTorres 445 (0.001338)
Rank 267: RepGolden 221 (0.001335)
Rank 268: RepArmstrongND 97 (0.00133)
Rank 269: SenatorCarper 13 (0.001323)
Rank 270: JayObernolte 357 (0.001323)
Rank 271: SenatorLujan 50 (0.001321)
Rank 272: SenatorLankford 47 (0.001316)
Rank 273: RepCharlieCrist 170 (0.001314)
Rank 274: SenatorHick 36 (0.001299)
Rank 275: RepBalderson 104 (0.001299)
Rank 276: SenSchumer 71 (0.001294)
Rank 277: RepSusanWild 466 (0.001287)
Rank 278: RepEBJ 267 (0.001276)
Rank 279: RepChrisPappas 364 (0.00127)
Rank 280: SenStabenow 77 (0.001267)
Rank 281: RepGregoryMeeks 330 (0.001263)
Rank 282: RepBrianMast 319 (0.001253)
Rank 283: SenJohnBarrasso 1 (0.001249)
Rank 284: RepTeresaLF 300 (0.001248)
Rank 285: RepAnnieKuster 287 (0.001248)
Rank 286: RepDavids 173 (0.001248)
Rank 287: SenBillCassidy 15 (0.001239)
Rank 288: SenatorBaldwin 0 (0.001235)
Rank 289: RepStephMurphy 345 (0.001233)
Rank 290: RepColinAllred 96 (0.00123)
Rank 291: lisamurkowski 57 (0.001227)
Rank 292: RepAndreCarson 142 (0.001225)
Rank 293: RepRWilliams 468 (0.001224)
Rank 294: LindseyGrahamSC 30 (0.001213)
Rank 295: SenThomTillis 81 (0.001205)
Rank 296: jahimes 250 (0.001197)
Rank 297: RepJohnKatko 274 (0.001197)
Rank 298: RepDavidValadao 451 (0.001195)
Rank 299: SenTinaSmith 76 (0.001182)
Rank 300: RepLaHood 289 (0.001163)
Rank 301: RepMondaire 270 (0.00116)
Rank 302: RepScottPeters 369 (0.001152)
Rank 303: RepMalliotakis 314 (0.001147)
Rank 304: RepJasonSmith 418 (0.001146)
Rank 305: RepBera 110 (0.001145)
Rank 306: JudgeCarter 144 (0.001141)
Rank 307: MarshaBlackburn 3 (0.001134)
Rank 308: RepWebster 462 (0.001127)
Rank 309: SteveDaines 23 (0.001125)
Rank 310: RepDrewFerguson 200 (0.001123)
Rank 311: RepBurgessOwens 359 (0.001121)
Rank 312: SenLummis 51 (0.001113)
Rank 313: RepJamesComer 164 (0.001111)
Rank 314: JimLangevin 291 (0.001103)
Rank 315: RepGuthrie 239 (0.001102)
Rank 316: RepSires 414 (0.0011)
Rank 317: SenJoniErnst 26 (0.0011)
Rank 318: RepRaskin 379 (0.001099)
Rank 319: RepBryanSteil 429 (0.001099)
Rank 320: RepAndyBarr 106 (0.001097)
Rank 321: RepKathleenRice 381 (0.001083)
Rank 322: RepLaTurner 295 (0.001073)
Rank 323: CongPalazzo 360 (0.001073)
Rank 324: DorisMatsui 320 (0.001065)
Rank 325: RepKimSchrier 405 (0.001059)
Rank 326: RepVeasey 454 (0.001054)
Rank 327: RepBrownley 128 (0.001054)
Rank 328: RepFletcher 204 (0.001051)
Rank 329: RepCloudTX 159 (0.001051)
Rank 330: RepDavidKustoff 288 (0.001048)
Rank 331: RepKweisiMfume 334 (0.001047)
Rank 332: RepRaulRuizMD 391 (0.001024)
Rank 333: JimInhofe 40 (0.00102)
Rank 334: timkaine 42 (0.001002)
Rank 335: RepJohnCurtis 172 (0.000992)
Rank 336: RepFrankLucas 309 (0.000989)
Rank 337: maziehirono 37 (0.000988)
Rank 338: RepMcKinley 329 (0.000984)
Rank 339: RepTimBurchett 133 (0.000983)
Rank 340: ChrisCoons 16 (0.00098)
Rank 341: RepJahanaHayes 243 (0.000977)
Rank 342: RepBobGood 226 (0.000976)
Rank 343: RepGregSteube 430 (0.000974)
Rank 344: SenKevinCramer 20 (0.000971)
Rank 345: RepDebDingell 186 (0.000963)
Rank 346: RepHorsford 252 (0.00096)
Rank 347: SenHydeSmith 39 (0.000955)
Rank 348: BennieGThompson 438 (0.000953)
Rank 349: RepRussFulcher 209 (0.000952)
Rank 350: SenatorTimScott 73 (0.000945)
Rank 351: RepLindaSanchez 397 (0.000944)
Rank 352: RepMikeLevin 304 (0.000944)
Rank 353: DrNealDunnFL2 191 (0.000941)
Rank 354: SenatorLeahy 48 (0.000931)
Rank 355: NydiaVelazquez 455 (0.00093)
Rank 356: RobWittman 471 (0.000928)
Rank 357: RepBlaine 310 (0.000925)
Rank 358: RepAuchincloss 99 (0.000921)
Rank 359: SenJohnThune 80 (0.000903)
Rank 360: RepChrisStewart 432 (0.0009)
Rank 361: AustinScottGA08 407 (0.000899)
Rank 362: RepAngieCraig 169 (0.00088)
Rank 363: RepHarshbarger 241 (0.000876)
Rank 364: RepTerriSewell 410 (0.000875)
Rank 365: USRepGaryPalmer 362 (0.000872)
Rank 366: SenJohnHoeven 38 (0.00087)
Rank 367: RepMikeGarcia 216 (0.000868)
Rank 368: RepJuliaLetlow 302 (0.00086)
Rank 369: SenJackReed 65 (0.000858)
Rank 370: SenatorHassan 33 (0.000851)
Rank 371: RepAnnaEshoo 194 (0.000849)
Rank 372: BradSherman 411 (0.000846)
Rank 373: RoyBlunt 5 (0.000836)
Rank 374: RepCindyAxne 100 (0.000831)
Rank 375: RepBourdeaux 121 (0.000828)
Rank 376: virginiafoxx 206 (0.000826)
Rank 377: RepGusBilirakis 114 (0.00081)
Rank 378: RepAndyKimNJ 282 (0.000791)
Rank 379: PeterWelch 463 (0.000788)
Rank 380: RepAlGreen 232 (0.000785)
Rank 381: RepBrianFitz 202 (0.000774)
Rank 382: SenTuberville 83 (0.000771)
Rank 383: JerryMoran 56 (0.000757)
Rank 384: RepSlotkin 415 (0.000756)
Rank 385: RepSherrill 412 (0.000751)
Rank 386: Sen_JoeManchin 52 (0.000747)
Rank 387: RepDavidRouzer 388 (0.000721)
Rank 388: SenDanSullivan 78 (0.000716)
Rank 389: SenRonJohnson 41 (0.000687)
Rank 390: RepMeuser 333 (0.000672)
Rank 391: SenatorWarnock 86 (0.000665)
Rank 392: TomColeOK04 163 (0.000663)
Rank 393: SenGaryPeters 63 (0.000662)
Rank 394: RepGregStanton 425 (0.000661)
Rank 395: RepRonnyJackson 260 (0.000657)
Rank 396: RepSmucker 419 (0.000656)
Rank 397: RepJoeMorelle 342 (0.000656)
Rank 398: RepLoudermilk 307 (0.000655)
Rank 399: RepKevinBrady 124 (0.000651)
Rank 400: CongBoyle 123 (0.000649)
Rank 401: RepWalberg 457 (0.000646)
Rank 402: RepTedDeutch 184 (0.000645)
Rank 403: RepRonKind 284 (0.000635)
Rank 404: RepSchrader 404 (0.000634)
Rank 405: RepLouCorrea 166 (0.000628)
Rank 406: RandPaul 62 (0.000625)
Rank 407: repdelgado 181 (0.000623)
Rank 408: JacksonLeeTX18 259 (0.000621)
Rank 409: RepLowenthal 308 (0.00062)
Rank 410: RepPaulTonko 444 (0.000619)
Rank 411: RepSchneider 403 (0.000616)
Rank 412: CoryBooker 6 (0.000615)
Rank 413: SenAngusKing 45 (0.000611)
Rank 414: ossoff 60 (0.000608)
Rank 415: RepGarretGraves 231 (0.000602)
Rank 416: RepPeteAguilar 94 (0.0006)
Rank 417: RepJoeCourtney 168 (0.0006)
Rank 418: PatrickMcHenry 328 (0.000598)
Rank 419: SenTomCotton 19 (0.000598)
Rank 420: RepKirkpatrick 285 (0.000594)
Rank 421: RepArrington 98 (0.000583)
Rank 422: RepMarkTakano 436 (0.000572)
Rank 423: RepBrianHiggins 247 (0.000569)
Rank 424: RepAdamSchiff 402 (0.000569)
Rank 425: Robert_Aderholt 93 (0.000564)
Rank 426: RepDonaldPayne 366 (0.000561)
Rank 427: RepLarryBucshon 131 (0.000556)
Rank 428: RepJimmyPanetta 363 (0.000555)
Rank 429: SenatorSinema 75 (0.000551)
Rank 430: SenSanders 70 (0.000549)
Rank 431: RepEdCase 146 (0.000541)
Rank 432: RepMaryMiller 337 (0.000538)
Rank 433: RepJohnJoyce 273 (0.000538)
Rank 434: SenMikeLee 49 (0.000534)
Rank 435: SenToomey 82 (0.00053)
Rank 436: RepLizCheney 152 (0.000529)
Rank 437: FrankPallone 361 (0.000525)
Rank 438: RepKarenBass 108 (0.000524)
Rank 439: RepSpartz 422 (0.000522)
Rank 440: RepRichardNeal 348 (0.000512)
Rank 441: SanfordBishop 115 (0.000508)
Rank 442: RepValDemings 182 (0.000499)
Rank 443: RepLloydDoggett 187 (0.000494)
Rank 444: CongMikeSimpson 413 (0.000493)
Rank 445: RepLeeZeldin 474 (0.000485)
Rank 446: SenJohnKennedy 44 (0.000478)
Rank 447: RepWalorski 458 (0.000464)
Rank 448: USRepMikeDoyle 189 (0.00045)
Rank 449: SenatorCantwell 10 (0.00045)
Rank 450: RepJohnYarmuth 473 (0.000449)
Rank 451: RepAlLawsonJr 297 (0.000435)
Rank 452: RepSeanMaloney 316 (0.000431)
Rank 453: SenMarkKelly 43 (0.00043)
Rank 454: RepBost 120 (0.000429)
Rank 455: RepMGriffith 235 (0.000421)
Rank 456: RepJeffries 264 (0.000411)
Rank 457: RepLucyMcBath 321 (0.00041)
Rank 458: SenGillibrand 29 (0.000405)
Rank 459: RepDianaDeGette 178 (0.000403)
Rank 460: RepKayGranger 230 (0.000399)
Rank 461: SenatorRomney 67 (0.000377)
Rank 462: RepDanKildee 280 (0.000372)
Rank 463: marcorubio 69 (0.000365)
Rank 464: RepBenCline 158 (0.000353)
Rank 465: RepRonEstes 196 (0.000334)
Rank 466: repdarrellissa 258 (0.000329)
Rank 467: Kilili_Sablan 395 (0.000327)
Rank 468: HawleyMO 34 (0.000321)
Rank 469: Lancegooden 227 (0.000316)
Rank 470: RepTomSuozzi 434 (0.000316)
Rank 471: RepAnnWagner 456 (0.000316)
Rank 472: RepOHalleran 356 (0.000316)
Rank 473: RepJoshHarder 240 (0.000316)
Rank 474: ChuckGrassley 31 (0.000316)

======================================
              ANALYSIS
======================================

Perform chi-square test
=========================
P-value: 0.2039729637500447
There is no significant association between being a leader and having a higher PageRank rank.

PageRanks of Leaders
=========================
      PageRank_Rank  isLeader     Score
Node                                   
322               1         1  0.016722
254              18         1  0.006805
399              41         1  0.004939
160             137         1  0.002333
367             139         1  0.002324
25              190         1  0.001867
71              277         1  0.001294
48              355         1  0.000931
80              360         1  0.000903

Descriptive Statistics for All Members (PageRank_Rank):
=======================================================
count    475.000000
mean     238.000000
std      137.264951
min        1.000000
25%      119.500000
50%      238.000000
75%      356.500000
max      475.000000
Name: PageRank_Rank, dtype: float64

Descriptive Statistics for Leaders (PageRank_Rank):
===================================================
count      9.000000
mean     168.666667
std      138.073350
min        1.000000
25%       41.000000
50%      139.000000
75%      277.000000
max      360.000000
Name: PageRank_Rank, dtype: float64

Descriptive Statistics for All Members (Scores):
================================================
count    475.000000
mean       0.002105
std        0.001947
min        0.000316
25%        0.000929
50%        0.001518
75%        0.002461
max        0.016722
Name: Score, dtype: float64

Z-Scores for PageRank Scores for Leaders
========================================
Node 	Z-Score
367 	0.11244
71 	-0.41703
254 	2.41590
322 	7.51374
48 	-0.60363
25 	-0.12248
160 	0.11707
80 	-0.61802
399 	1.45668
